* 3487a2e (HEAD -> git) Registro del Historial
* 77d909d (main) Como cambiar algun commit hecho
*   7e7d120 Resolvi el conflecto, deje los dos cambios
|\  
| * 2d416a1 Modificacion desde la rama GIT
* | 1011e2f Modificacion desde la rama Main
* | 8c4bb8d fusiones
|/  
* a9a1386 (origin/main, origin/git, origin/HEAD) Comandas para trabajar con Ramas tambien ejemplo de ignoracion en git
* 27804dc se ignoran cositas
*   d9a42a0 Merge pull request #1 from carlosjavierorozco/add-license-1
|\  
| * ada269d (origin/add-license-1) Create licence.txt
|/  
* c7d19c1 Update README.md
* f78a770 Modifique el titulo del README
* 02896b4 Removi la notas del curso de Jon. deje las notas viejas asi como estaban.
* aab2c62 Para tener un mejor orde, cree la carpeta para colocar las notas y ejemplos del curso de Jon.
* 896c4e9 Cree el archivo readme y el gitignore tambien se modifico el las notas de clase.
* e22b25b Actualizacion del curso de GIT @jonmircha
